info it worked if it ends with ok
verbose cli [ 'node', '/usr/local/bin/npm', 'install', '-g', 'coffee-script' ]
info using npm@1.1.9
info using node@v0.6.13
verbose config file /Users/teren/.npmrc
verbose config file /usr/local/etc/npmrc
verbose config file /usr/local/lib/node_modules/npm/npmrc
verbose cache add [ 'coffee-script', null ]
silly cache add: name, spec, args [ undefined, 'coffee-script', [ 'coffee-script', null ] ]
verbose parsed url { pathname: 'coffee-script',
verbose parsed url   path: 'coffee-script',
verbose parsed url   href: 'coffee-script' }
verbose addNamed [ 'coffee-script', '' ]
verbose addNamed [ null, '' ]
silly name, range, hasData [ 'coffee-script', '', false ]
verbose raw, before any munging coffee-script
verbose url resolving [ 'https://registry.npmjs.org/', './coffee-script' ]
verbose url resolved https://registry.npmjs.org/coffee-script
http GET https://registry.npmjs.org/coffee-script
http 200 https://registry.npmjs.org/coffee-script
silly get cb [ 200,
silly get cb   { vary: 'Accept',
silly get cb     server: 'CouchDB/1.2.0 (Erlang OTP/R15B)',
silly get cb     etag: '"7Z1ACAW0IKO6D0UZNNM17S1R0"',
silly get cb     date: 'Fri, 23 Mar 2012 03:04:58 GMT',
silly get cb     'content-type': 'application/json',
silly get cb     'content-length': '13366' } ]
verbose mkdir (expected) error ENOENT, stat '/Users/teren/.npm/coffee-script'
verbose mkdir done: /Users/teren/.npm/coffee-script 755
silly name, range, hasData 2 [ 'coffee-script', '', true ]
silly versions [ 'coffee-script',
silly versions   [ '0.7.0',
silly versions     '0.7.1',
silly versions     '0.7.2',
silly versions     '0.9.0',
silly versions     '0.9.1',
silly versions     '0.9.2',
silly versions     '0.9.3',
silly versions     '0.9.4',
silly versions     '0.9.5',
silly versions     '0.9.6',
silly versions     '1.0.0',
silly versions     '1.0.1',
silly versions     '1.1.0',
silly versions     '1.1.1',
silly versions     '1.1.2',
silly versions     '1.1.3',
silly versions     '1.2.0' ] ]
verbose bin dist [ '0.6-ares1.7.5-DEV-evundefined-openssl0.9.8r-v83.6.6.24-darwin-x64-11.3.0',
verbose bin dist   { shasum: 'b5e61e55f1ca8c4a9eb87d53aa0657ea43125b91',
verbose bin dist     tarball: 'http://registry.npmjs.org/coffee-script/-/coffee-script-1.2.0.tgz' } ]
verbose addRemoteTarball [ 'https://registry.npmjs.org/coffee-script/-/coffee-script-1.2.0.tgz',
verbose addRemoteTarball   'b5e61e55f1ca8c4a9eb87d53aa0657ea43125b91' ]
verbose mkdir (expected) error ENOENT, stat '/var/folders/mk/wyt80z0j1318ptmyty668fsw0000gn/T/npm-1332471927662'
verbose mkdir (expected) error ENOENT, stat '/var/folders/mk/wyt80z0j1318ptmyty668fsw0000gn/T/npm-1332471927662/1332471927662-0.1891575758345425'
verbose mkdir done: /var/folders/mk/wyt80z0j1318ptmyty668fsw0000gn/T/npm-1332471927662/1332471927662-0.1891575758345425 755
verbose fetch to /var/folders/mk/wyt80z0j1318ptmyty668fsw0000gn/T/npm-1332471927662/1332471927662-0.1891575758345425/tmp.tgz
http GET https://registry.npmjs.org/coffee-script/-/coffee-script-1.2.0.tgz
http 200 https://registry.npmjs.org/coffee-script/-/coffee-script-1.2.0.tgz
silly updated sha bytes 40960
silly updated sha bytes 30720
info shasum b5e61e55f1ca8c4a9eb87d53aa0657ea43125b91
info shasum /var/folders/mk/wyt80z0j1318ptmyty668fsw0000gn/T/npm-1332471927662/1332471927662-0.1891575758345425/tmp.tgz
verbose mkdir (expected) error ENOENT, stat '/var/folders/mk/wyt80z0j1318ptmyty668fsw0000gn/T/npm-1332471927662/1332471927662-0.1891575758345425/package'
verbose mkdir done: /var/folders/mk/wyt80z0j1318ptmyty668fsw0000gn/T/npm-1332471927662/1332471927662-0.1891575758345425/package 755
verbose unpack_ uid, gid [ undefined, undefined ]
verbose unpackTarget /var/folders/mk/wyt80z0j1318ptmyty668fsw0000gn/T/npm-1332471927662/1332471927662-0.1891575758345425/package
silly gunzTarPerm modes [ '755', '644' ]
verbose gunzed /var/folders/mk/wyt80z0j1318ptmyty668fsw0000gn/T/npm-1332471927662/1332471927662-0.1891575758345425/package
verbose caching /var/folders/mk/wyt80z0j1318ptmyty668fsw0000gn/T/npm-1332471927662/1332471927662-0.1891575758345425/package/package.json
verbose loadDefaults coffee-script@1.2.0
verbose tarball contents [ 'package', 'tmp.tgz' ]
verbose from cache /var/folders/mk/wyt80z0j1318ptmyty668fsw0000gn/T/npm-1332471927662/1332471927662-0.1891575758345425/package/package.json
verbose pack /var/folders/mk/wyt80z0j1318ptmyty668fsw0000gn/T/npm-1332471927662/1332471927662-0.1891575758345425/package
verbose pack /var/folders/mk/wyt80z0j1318ptmyty668fsw0000gn/T/npm-1332471927662/1332471927662-0.1891575758345425/package /Users/teren/.npm/coffee-script/1.2.0/package.tgz
silly makeList /var/folders/mk/wyt80z0j1318ptmyty668fsw0000gn/T/npm-1332471927662/1332471927662-0.1891575758345425/package
silly dir, dirLen [ '/var/folders/mk/wyt80z0j1318ptmyty668fsw0000gn/T/npm-1332471927662/1332471927662-0.1891575758345425/package',
silly dir, dirLen   108 ]
verbose tarball /Users/teren/.npm/coffee-script/1.2.0/package.tgz
verbose parent /var/folders/mk/wyt80z0j1318ptmyty668fsw0000gn/T/npm-1332471927662/1332471927662-0.1891575758345425/package
verbose mkdir (expected) error ENOENT, stat '/Users/teren/.npm/coffee-script/1.2.0/package'
verbose mkdir done: /Users/teren/.npm/coffee-script/1.2.0/package 755
verbose unpack_ uid, gid [ undefined, undefined ]
verbose unpackTarget /Users/teren/.npm/coffee-script/1.2.0/package
silly gunzTarPerm modes [ '755', '644' ]
verbose gunzed /Users/teren/.npm/coffee-script/1.2.0/package
verbose caching /Users/teren/.npm/coffee-script/1.2.0/package/package.json
verbose loadDefaults coffee-script@1.2.0
silly updated sha bytes 40960
silly updated sha bytes 23002
info shasum 1af2328f8028f562b63c38ad90d2dd32f69ea9d1
info shasum /Users/teren/.npm/coffee-script/1.2.0/package.tgz
verbose from cache /Users/teren/.npm/coffee-script/1.2.0/package/package.json
verbose chmod /Users/teren/.npm/coffee-script/1.2.0/package.tgz 644
verbose chown [ '/Users/teren/.npm/coffee-script/1.2.0/package.tgz', 501, 20 ]
silly resolved [ { name: 'coffee-script',
silly resolved     description: 'Unfancy JavaScript',
silly resolved     keywords: [ 'javascript', 'language', 'coffeescript', 'compiler' ],
silly resolved     author: { name: 'Jeremy Ashkenas' },
silly resolved     version: '1.2.0',
silly resolved     licenses: 
silly resolved      [ { type: 'MIT',
silly resolved          url: 'http://github.com/jashkenas/coffee-script/raw/master/LICENSE' } ],
silly resolved     engines: { node: '>=0.4.0' },
silly resolved     directories: { lib: './lib/coffee-script' },
silly resolved     main: './lib/coffee-script/coffee-script',
silly resolved     bin: { coffee: './bin/coffee', cake: './bin/cake' },
silly resolved     homepage: 'http://coffeescript.org',
silly resolved     repository: 
silly resolved      { type: 'git',
silly resolved        url: 'git://github.com/jashkenas/coffee-script.git' },
silly resolved     devDependencies: { 'uglify-js': '>=1.0.0', jison: '>=0.2.0' },
silly resolved     _id: 'coffee-script@1.2.0',
silly resolved     dependencies: {},
silly resolved     optionalDependencies: {},
silly resolved     _engineSupported: true,
silly resolved     _npmVersion: '1.1.9',
silly resolved     _nodeVersion: 'v0.6.13',
silly resolved     _defaultsLoaded: true,
silly resolved     dist: { shasum: '1af2328f8028f562b63c38ad90d2dd32f69ea9d1' },
silly resolved     _from: 'coffee-script' } ]
info into /usr/local/lib coffee-script@1.2.0
info installOne coffee-script@1.2.0
verbose from cache /Users/teren/.npm/coffee-script/1.2.0/package/package.json
info unbuild /usr/local/lib/node_modules/coffee-script
verbose mkdir (expected) error ENOENT, stat '/usr/local/lib/node_modules/coffee-script'
verbose unpack_ uid, gid [ undefined, undefined ]
verbose unpackTarget /usr/local/lib/node_modules/coffee-script
info unbuild /usr/local/lib/node_modules/coffee-script
ERR! Error: EACCES, mkdir '/usr/local/lib/node_modules/coffee-script'
ERR! 
ERR! Please try running this command again as root/Administrator.
ERR! 
ERR! System Darwin 11.3.0
ERR! command "node" "/usr/local/bin/npm" "install" "-g" "coffee-script"
ERR! cwd /Users/teren/Dev/snowman
ERR! node -v v0.6.13
ERR! npm -v 1.1.9
ERR! path /usr/local/lib/node_modules/coffee-script
ERR! code EACCES
ERR! message EACCES, mkdir '/usr/local/lib/node_modules/coffee-script'
ERR! errno {}
verbose exit [ 1, true ]
